2022-06-13 17:07:56.094  INFO 22970 --- [main] com.elk.bootelk.BootElkApplication       : Starting BootElkApplication using Java 17 on MacBook-Pro-de-Javier.local with PID 22970 (/Users/harvgonzalez/Documents/ELK/boot-elk/target/classes started by harvgonzalez in /Users/harvgonzalez/Documents/ELK/boot-elk)
2022-06-13 17:07:56.097  INFO 22970 --- [main] com.elk.bootelk.BootElkApplication       : No active profile set, falling back to 1 default profile: "default"
2022-06-13 17:07:56.938  INFO 22970 --- [main] o.s.b.w.embedded.tomcat.TomcatWebServer  : Tomcat initialized with port(s): 8080 (http)
2022-06-13 17:07:56.957  INFO 22970 --- [main] o.apache.catalina.core.StandardService   : Starting service [Tomcat]
2022-06-13 17:07:56.958  INFO 22970 --- [main] org.apache.catalina.core.StandardEngine  : Starting Servlet engine: [Apache Tomcat/9.0.63]
2022-06-13 17:07:57.055  INFO 22970 --- [main] o.a.c.c.C.[Tomcat].[localhost].[/]       : Initializing Spring embedded WebApplicationContext
2022-06-13 17:07:57.056  INFO 22970 --- [main] w.s.c.ServletWebServerApplicationContext : Root WebApplicationContext: initialization completed in 914 ms
2022-06-13 17:07:57.542  INFO 22970 --- [main] o.s.b.w.embedded.tomcat.TomcatWebServer  : Tomcat started on port(s): 8080 (http) with context path ''
2022-06-13 17:07:57.551  INFO 22970 --- [main] com.elk.bootelk.BootElkApplication       : Started BootElkApplication in 6.935 seconds (JVM running for 7.458)
2022-06-13 17:20:54.553  INFO 22970 --- [http-nio-8080-exec-1] o.a.c.c.C.[Tomcat].[localhost].[/]       : Initializing Spring DispatcherServlet 'dispatcherServlet'
2022-06-13 17:20:54.554  INFO 22970 --- [http-nio-8080-exec-1] o.s.web.servlet.DispatcherServlet        : Initializing Servlet 'dispatcherServlet'
2022-06-13 17:20:54.556  INFO 22970 --- [http-nio-8080-exec-1] o.s.web.servlet.DispatcherServlet        : Completed initialization in 2 ms
2022-06-13 17:21:38.895  INFO 24639 --- [main] com.elk.bootelk.BootElkApplication       : Starting BootElkApplication using Java 17 on MacBook-Pro-de-Javier.local with PID 24639 (/Users/harvgonzalez/Documents/ELK/boot-elk/target/classes started by harvgonzalez in /Users/harvgonzalez/Documents/ELK/boot-elk)
2022-06-13 17:21:38.897  INFO 24639 --- [main] com.elk.bootelk.BootElkApplication       : No active profile set, falling back to 1 default profile: "default"
2022-06-13 17:21:39.715  INFO 24639 --- [main] o.s.b.w.embedded.tomcat.TomcatWebServer  : Tomcat initialized with port(s): 8080 (http)
2022-06-13 17:21:39.726  INFO 24639 --- [main] o.apache.catalina.core.StandardService   : Starting service [Tomcat]
2022-06-13 17:21:39.726  INFO 24639 --- [main] org.apache.catalina.core.StandardEngine  : Starting Servlet engine: [Apache Tomcat/9.0.63]
2022-06-13 17:21:39.798  INFO 24639 --- [main] o.a.c.c.C.[Tomcat].[localhost].[/]       : Initializing Spring embedded WebApplicationContext
2022-06-13 17:21:39.798  INFO 24639 --- [main] w.s.c.ServletWebServerApplicationContext : Root WebApplicationContext: initialization completed in 852 ms
2022-06-13 17:21:39.844  WARN 24639 --- [main] ConfigServletWebServerApplicationContext : Exception encountered during context initialization - cancelling refresh attempt: org.springframework.beans.factory.UnsatisfiedDependencyException: Error creating bean with name 'controllerELK': Unsatisfied dependency expressed through field 'restTemplate'; nested exception is org.springframework.beans.factory.BeanCurrentlyInCreationException: Error creating bean with name 'controllerELK': Requested bean is currently in creation: Is there an unresolvable circular reference?
2022-06-13 17:21:39.847  INFO 24639 --- [main] o.apache.catalina.core.StandardService   : Stopping service [Tomcat]
2022-06-13 17:21:39.856  INFO 24639 --- [main] ConditionEvaluationReportLoggingListener : 

Error starting ApplicationContext. To display the conditions report re-run your application with 'debug' enabled.
2022-06-13 17:21:39.877 ERROR 24639 --- [main] o.s.b.d.LoggingFailureAnalysisReporter   : 

***************************
APPLICATION FAILED TO START
***************************

Description:

The dependencies of some of the beans in the application context form a cycle:

┌──->──┐
|  controllerELK (field org.springframework.web.client.RestTemplate com.elk.bootelk.controller.ControllerELK.restTemplate)
└──<-──┘


Action:

Relying upon circular references is discouraged and they are prohibited by default. Update your application to remove the dependency cycle between beans. As a last resort, it may be possible to break the cycle automatically by setting spring.main.allow-circular-references to true.

2022-06-13 17:23:12.472  INFO 24821 --- [main] com.elk.bootelk.BootElkApplication       : Starting BootElkApplication using Java 17 on MacBook-Pro-de-Javier.local with PID 24821 (/Users/harvgonzalez/Documents/ELK/boot-elk/target/classes started by harvgonzalez in /Users/harvgonzalez/Documents/ELK/boot-elk)
2022-06-13 17:23:12.475  INFO 24821 --- [main] com.elk.bootelk.BootElkApplication       : No active profile set, falling back to 1 default profile: "default"
2022-06-13 17:23:13.310  INFO 24821 --- [main] o.s.b.w.embedded.tomcat.TomcatWebServer  : Tomcat initialized with port(s): 8080 (http)
2022-06-13 17:23:13.321  INFO 24821 --- [main] o.apache.catalina.core.StandardService   : Starting service [Tomcat]
2022-06-13 17:23:13.322  INFO 24821 --- [main] org.apache.catalina.core.StandardEngine  : Starting Servlet engine: [Apache Tomcat/9.0.63]
2022-06-13 17:23:13.398  INFO 24821 --- [main] o.a.c.c.C.[Tomcat].[localhost].[/]       : Initializing Spring embedded WebApplicationContext
2022-06-13 17:23:13.399  INFO 24821 --- [main] w.s.c.ServletWebServerApplicationContext : Root WebApplicationContext: initialization completed in 876 ms
2022-06-13 17:23:13.755  INFO 24821 --- [main] o.s.b.w.embedded.tomcat.TomcatWebServer  : Tomcat started on port(s): 8080 (http) with context path ''
2022-06-13 17:23:13.769  INFO 24821 --- [main] com.elk.bootelk.BootElkApplication       : Started BootElkApplication in 6.727 seconds (JVM running for 7.198)
2022-06-13 17:23:24.936  INFO 24821 --- [http-nio-8080-exec-1] o.a.c.c.C.[Tomcat].[localhost].[/]       : Initializing Spring DispatcherServlet 'dispatcherServlet'
2022-06-13 17:23:24.937  INFO 24821 --- [http-nio-8080-exec-1] o.s.web.servlet.DispatcherServlet        : Initializing Servlet 'dispatcherServlet'
2022-06-13 17:23:24.938  INFO 24821 --- [http-nio-8080-exec-1] o.s.web.servlet.DispatcherServlet        : Completed initialization in 1 ms
